<?xml version="1.0" encoding="UTF-8"?>
<testng-results ignored="0" total="1" passed="1" failed="0" skipped="0">
  <reporter-output>
  </reporter-output>
  <suite started-at="2022-02-09T02:28:53 GMT-05:00" name="test.FacebookTest" finished-at="2022-02-09T02:28:53 GMT-05:00" duration-ms="30">
    <groups>
    </groups>
    <test started-at="2022-02-09T02:28:53 GMT-05:00" name="Command line test" finished-at="2022-02-09T02:28:53 GMT-05:00" duration-ms="30">
      <class name="test.FacebookTest">
        <test-method signature="test1()[pri:0, instance:test.FacebookTest@29626d54]" started-at="2022-02-09T02:28:53 GMT-05:00" name="test1" finished-at="2022-02-09T02:28:53 GMT-05:00" duration-ms="4" status="PASS">
          <reporter-output>
          </reporter-output>
        </test-method> <!-- test1 -->
      </class> <!-- test.FacebookTest -->
    </test> <!-- Command line test -->
  </suite> <!-- test.FacebookTest -->
</testng-results>
